<?xml version="1.0" encoding="UTF-8"?>
<testsuite name="jpacman.LauncherSmokeTest" tests="1" skipped="0" failures="0" errors="0" timestamp="2020-09-14T23:17:43" hostname="RODRIGO-PC" time="1.52">
  <properties/>
  <testcase name="smokeTest()" classname="jpacman.LauncherSmokeTest" time="1.52"/>
  <system-out><![CDATA[]]></system-out>
  <system-err><![CDATA[]]></system-err>
</testsuite>
